39
172
4 ( 16 -1e+006 5 ) ( 24 -1e+006 5 ) ( 24 14 5 ) ( 16 14 5 ) [ 17 6 ]
4 ( 16 14 5 ) ( 24 14 5 ) ( 24 -1e+006 5 ) ( 16 -1e+006 5 ) [ 6 17 ]
4 ( 25 -1e+006 5 ) ( 1e+006 -1e+006 5 ) ( 1e+006 4 5 ) ( 25 4 5 ) [ 18 2 ]
4 ( 25 4 5 ) ( 1e+006 4 5 ) ( 1e+006 -1e+006 5 ) ( 25 -1e+006 5 ) [ 2 18 ]
4 ( 24 -1e+006 5 ) ( 25 -1e+006 5 ) ( 25 4 5 ) ( 24 4 5 ) [ 18 7 ]
4 ( 24 4 5 ) ( 25 4 5 ) ( 25 -1e+006 5 ) ( 24 -1e+006 5 ) [ 7 18 ]
4 ( 1e+006 5 5 ) ( 1e+006 14 5 ) ( 36 14 5 ) ( 36 5 5 ) [ 19 1 ]
4 ( 36 5 5 ) ( 36 14 5 ) ( 1e+006 14 5 ) ( 1e+006 5 5 ) [ 1 19 ]
4 ( 1e+006 4 5 ) ( 1e+006 5 5 ) ( 36 5 5 ) ( 36 4 5 ) [ 19 3 ]
4 ( 36 4 5 ) ( 36 5 5 ) ( 1e+006 5 5 ) ( 1e+006 4 5 ) [ 3 19 ]
4 ( -1e+006 -1e+006 5 ) ( 16 -1e+006 5 ) ( 16 4 5 ) ( -1e+006 4 5 ) [ 21 13 ]
4 ( -1e+006 4 5 ) ( 16 4 5 ) ( 16 -1e+006 5 ) ( -1e+006 -1e+006 5 ) [ 13 21 ]
4 ( 4 14 5 ) ( -1e+006 14 5 ) ( -1e+006 5 5 ) ( 4 5 5 ) [ 22 12 ]
4 ( 4 5 5 ) ( -1e+006 5 5 ) ( -1e+006 14 5 ) ( 4 14 5 ) [ 12 22 ]
4 ( -1e+006 5 5 ) ( -1e+006 4 5 ) ( 4 4 5 ) ( 4 5 5 ) [ 22 14 ]
4 ( 4 5 5 ) ( 4 4 5 ) ( -1e+006 4 5 ) ( -1e+006 5 5 ) [ 14 22 ]
4 ( 1e+006 14 5 ) ( 1e+006 25 5 ) ( 36 25 5 ) ( 36 14 5 ) [ 24 1 ]
4 ( 36 14 5 ) ( 36 25 5 ) ( 1e+006 25 5 ) ( 1e+006 14 5 ) [ 1 24 ]
4 ( 1e+006 25 5 ) ( 1e+006 1e+006 5 ) ( 36 1e+006 5 ) ( 36 25 5 ) [ 24 4 ]
4 ( 36 25 5 ) ( 36 1e+006 5 ) ( 1e+006 1e+006 5 ) ( 1e+006 25 5 ) [ 4 24 ]
4 ( 36 1e+006 5 ) ( 25 1e+006 5 ) ( 25 26 5 ) ( 36 26 5 ) [ 25 5 ]
4 ( 36 26 5 ) ( 25 26 5 ) ( 25 1e+006 5 ) ( 36 1e+006 5 ) [ 5 25 ]
4 ( 25 1e+006 5 ) ( 16 1e+006 5 ) ( 16 26 5 ) ( 25 26 5 ) [ 25 9 ]
4 ( 25 26 5 ) ( 16 26 5 ) ( 16 1e+006 5 ) ( 25 1e+006 5 ) [ 9 25 ]
4 ( 16 1e+006 5 ) ( -1e+006 1e+006 5 ) ( -1e+006 26 5 ) ( 16 26 5 ) [ 25 15 ]
4 ( 16 26 5 ) ( -1e+006 26 5 ) ( -1e+006 1e+006 5 ) ( 16 1e+006 5 ) [ 15 25 ]
4 ( -1e+006 25 5 ) ( -1e+006 14 5 ) ( 4 14 5 ) ( 4 25 5 ) [ 26 12 ]
4 ( 4 25 5 ) ( 4 14 5 ) ( -1e+006 14 5 ) ( -1e+006 25 5 ) [ 12 26 ]
4 ( -1e+006 26 5 ) ( -1e+006 25 5 ) ( 4 25 5 ) ( 4 26 5 ) [ 26 16 ]
4 ( 4 26 5 ) ( 4 25 5 ) ( -1e+006 25 5 ) ( -1e+006 26 5 ) [ 16 26 ]
4 ( 1e+006 5 8 ) ( 1e+006 14 8 ) ( 36 14 8 ) ( 36 5 8 ) [ 1 33 ]
4 ( 36 5 8 ) ( 36 14 8 ) ( 1e+006 14 8 ) ( 1e+006 5 8 ) [ 33 1 ]
4 ( 1e+006 14 8 ) ( 1e+006 25 8 ) ( 36 25 8 ) ( 36 14 8 ) [ 1 35 ]
4 ( 36 14 8 ) ( 36 25 8 ) ( 1e+006 25 8 ) ( 1e+006 14 8 ) [ 35 1 ]
4 ( 25 -1e+006 8 ) ( 1e+006 -1e+006 8 ) ( 1e+006 4 8 ) ( 25 4 8 ) [ 2 32 ]
4 ( 25 4 8 ) ( 1e+006 4 8 ) ( 1e+006 -1e+006 8 ) ( 25 -1e+006 8 ) [ 32 2 ]
4 ( 1e+006 4 8 ) ( 1e+006 5 8 ) ( 36 5 8 ) ( 36 4 8 ) [ 3 33 ]
4 ( 36 4 8 ) ( 36 5 8 ) ( 1e+006 5 8 ) ( 1e+006 4 8 ) [ 33 3 ]
4 ( 1e+006 25 8 ) ( 1e+006 1e+006 8 ) ( 36 1e+006 8 ) ( 36 25 8 ) [ 4 35 ]
4 ( 36 25 8 ) ( 36 1e+006 8 ) ( 1e+006 1e+006 8 ) ( 1e+006 25 8 ) [ 35 4 ]
4 ( 36 1e+006 8 ) ( 25 1e+006 8 ) ( 25 26 8 ) ( 36 26 8 ) [ 5 36 ]
4 ( 36 26 8 ) ( 25 26 8 ) ( 25 1e+006 8 ) ( 36 1e+006 8 ) [ 36 5 ]
4 ( 16 -1e+006 8 ) ( 24 -1e+006 8 ) ( 24 14 8 ) ( 16 14 8 ) [ 6 28 ]
4 ( 16 14 8 ) ( 24 14 8 ) ( 24 -1e+006 8 ) ( 16 -1e+006 8 ) [ 28 6 ]
4 ( 24 -1e+006 8 ) ( 25 -1e+006 8 ) ( 25 4 8 ) ( 24 4 8 ) [ 7 32 ]
4 ( 24 4 8 ) ( 25 4 8 ) ( 25 -1e+006 8 ) ( 24 -1e+006 8 ) [ 32 7 ]
4 ( 25 26 8 ) ( 25 1e+006 8 ) ( 16 1e+006 8 ) ( 16 26 8 ) [ 9 36 ]
4 ( 16 26 8 ) ( 16 1e+006 8 ) ( 25 1e+006 8 ) ( 25 26 8 ) [ 36 9 ]
4 ( -1e+006 14 8 ) ( -1e+006 5 8 ) ( 4 5 8 ) ( 4 14 8 ) [ 12 30 ]
4 ( 4 14 8 ) ( 4 5 8 ) ( -1e+006 5 8 ) ( -1e+006 14 8 ) [ 30 12 ]
4 ( 4 25 8 ) ( -1e+006 25 8 ) ( -1e+006 14 8 ) ( 4 14 8 ) [ 12 37 ]
4 ( 4 14 8 ) ( -1e+006 14 8 ) ( -1e+006 25 8 ) ( 4 25 8 ) [ 37 12 ]
4 ( -1e+006 -1e+006 8 ) ( 16 -1e+006 8 ) ( 16 4 8 ) ( -1e+006 4 8 ) [ 13 29 ]
4 ( -1e+006 4 8 ) ( 16 4 8 ) ( 16 -1e+006 8 ) ( -1e+006 -1e+006 8 ) [ 29 13 ]
4 ( 4 5 8 ) ( -1e+006 5 8 ) ( -1e+006 4 8 ) ( 4 4 8 ) [ 14 30 ]
4 ( 4 4 8 ) ( -1e+006 4 8 ) ( -1e+006 5 8 ) ( 4 5 8 ) [ 30 14 ]
4 ( 16 26 8 ) ( 16 1e+006 8 ) ( -1e+006 1e+006 8 ) ( -1e+006 26 8 ) [ 15 36 ]
4 ( -1e+006 26 8 ) ( -1e+006 1e+006 8 ) ( 16 1e+006 8 ) ( 16 26 8 ) [ 36 15 ]
4 ( 4 26 8 ) ( -1e+006 26 8 ) ( -1e+006 25 8 ) ( 4 25 8 ) [ 16 37 ]
4 ( 4 25 8 ) ( -1e+006 25 8 ) ( -1e+006 26 8 ) ( 4 26 8 ) [ 37 16 ]
4 ( 36 4 8 ) ( 1e+006 4 8 ) ( 1e+006 4 5 ) ( 36 4 5 ) [ 2 3 ]
4 ( 36 4 5 ) ( 1e+006 4 5 ) ( 1e+006 4 8 ) ( 36 4 8 ) [ 3 2 ]
4 ( -1e+006 4 5 ) ( -1e+006 4 8 ) ( 4 4 8 ) ( 4 4 5 ) [ 13 14 ]
4 ( 4 4 5 ) ( 4 4 8 ) ( -1e+006 4 8 ) ( -1e+006 4 5 ) [ 14 13 ]
4 ( 36 4 5 ) ( 1e+006 4 5 ) ( 1e+006 4 -1e+006 ) ( 36 4 -1e+006 ) [ 18 19 ]
4 ( 36 4 -1e+006 ) ( 1e+006 4 -1e+006 ) ( 1e+006 4 5 ) ( 36 4 5 ) [ 19 18 ]
4 ( 36 4 4 ) ( 36 4 -1e+006 ) ( 24 4 -1e+006 ) ( 24 4 4 ) [ 18 20 ]
4 ( 24 4 4 ) ( 24 4 -1e+006 ) ( 36 4 -1e+006 ) ( 36 4 4 ) [ 20 18 ]
4 ( -1e+006 4 -1e+006 ) ( -1e+006 4 5 ) ( 4 4 5 ) ( 4 4 -1e+006 ) [ 21 22 ]
4 ( 4 4 -1e+006 ) ( 4 4 5 ) ( -1e+006 4 5 ) ( -1e+006 4 -1e+006 ) [ 22 21 ]
4 ( 16 4 4 ) ( 16 4 -1e+006 ) ( 4 4 -1e+006 ) ( 4 4 4 ) [ 21 23 ]
4 ( 4 4 4 ) ( 4 4 -1e+006 ) ( 16 4 -1e+006 ) ( 16 4 4 ) [ 23 21 ]
4 ( -1e+006 4 8 ) ( -1e+006 4 1e+006 ) ( 4 4 1e+006 ) ( 4 4 8 ) [ 29 30 ]
4 ( 4 4 8 ) ( 4 4 1e+006 ) ( -1e+006 4 1e+006 ) ( -1e+006 4 8 ) [ 30 29 ]
4 ( 4 4 1e+006 ) ( 16 4 1e+006 ) ( 16 4 9 ) ( 4 4 9 ) [ 29 31 ]
4 ( 4 4 9 ) ( 16 4 9 ) ( 16 4 1e+006 ) ( 4 4 1e+006 ) [ 31 29 ]
4 ( 36 4 1e+006 ) ( 1e+006 4 1e+006 ) ( 1e+006 4 8 ) ( 36 4 8 ) [ 32 33 ]
4 ( 36 4 8 ) ( 1e+006 4 8 ) ( 1e+006 4 1e+006 ) ( 36 4 1e+006 ) [ 33 32 ]
4 ( 24 4 1e+006 ) ( 36 4 1e+006 ) ( 36 4 9 ) ( 24 4 9 ) [ 32 34 ]
4 ( 24 4 9 ) ( 36 4 9 ) ( 36 4 1e+006 ) ( 24 4 1e+006 ) [ 34 32 ]
4 ( 36 5 8 ) ( 1e+006 5 8 ) ( 1e+006 5 5 ) ( 36 5 5 ) [ 3 1 ]
4 ( 36 5 5 ) ( 1e+006 5 5 ) ( 1e+006 5 8 ) ( 36 5 8 ) [ 1 3 ]
4 ( -1e+006 5 5 ) ( -1e+006 5 8 ) ( 4 5 8 ) ( 4 5 5 ) [ 14 12 ]
4 ( 4 5 5 ) ( 4 5 8 ) ( -1e+006 5 8 ) ( -1e+006 5 5 ) [ 12 14 ]
4 ( 24 14 4 ) ( 24 14 -1e+006 ) ( 16 14 -1e+006 ) ( 16 14 4 ) [ 17 27 ]
4 ( 16 14 4 ) ( 16 14 -1e+006 ) ( 24 14 -1e+006 ) ( 24 14 4 ) [ 27 17 ]
4 ( 36 14 5 ) ( 1e+006 14 5 ) ( 1e+006 14 -1e+006 ) ( 36 14 -1e+006 ) [ 19 24 ]
4 ( 36 14 -1e+006 ) ( 1e+006 14 -1e+006 ) ( 1e+006 14 5 ) ( 36 14 5 ) [ 24 19 ]
4 ( 36 14 4 ) ( 36 14 -1e+006 ) ( 24 14 -1e+006 ) ( 24 14 4 ) [ 20 27 ]
4 ( 24 14 4 ) ( 24 14 -1e+006 ) ( 36 14 -1e+006 ) ( 36 14 4 ) [ 27 20 ]
4 ( -1e+006 14 -1e+006 ) ( -1e+006 14 5 ) ( 4 14 5 ) ( 4 14 -1e+006 ) [ 22 26 ]
4 ( 4 14 -1e+006 ) ( 4 14 5 ) ( -1e+006 14 5 ) ( -1e+006 14 -1e+006 ) [ 26 22 ]
4 ( 16 14 4 ) ( 16 14 -1e+006 ) ( 4 14 -1e+006 ) ( 4 14 4 ) [ 23 27 ]
4 ( 4 14 4 ) ( 4 14 -1e+006 ) ( 16 14 -1e+006 ) ( 16 14 4 ) [ 27 23 ]
4 ( 16 14 1e+006 ) ( 24 14 1e+006 ) ( 24 14 9 ) ( 16 14 9 ) [ 28 38 ]
4 ( 16 14 9 ) ( 24 14 9 ) ( 24 14 1e+006 ) ( 16 14 1e+006 ) [ 38 28 ]
4 ( -1e+006 14 8 ) ( -1e+006 14 1e+006 ) ( 4 14 1e+006 ) ( 4 14 8 ) [ 30 37 ]
4 ( 4 14 8 ) ( 4 14 1e+006 ) ( -1e+006 14 1e+006 ) ( -1e+006 14 8 ) [ 37 30 ]
4 ( 4 14 1e+006 ) ( 16 14 1e+006 ) ( 16 14 9 ) ( 4 14 9 ) [ 31 38 ]
4 ( 4 14 9 ) ( 16 14 9 ) ( 16 14 1e+006 ) ( 4 14 1e+006 ) [ 38 31 ]
4 ( 36 14 1e+006 ) ( 1e+006 14 1e+006 ) ( 1e+006 14 8 ) ( 36 14 8 ) [ 33 35 ]
4 ( 36 14 8 ) ( 1e+006 14 8 ) ( 1e+006 14 1e+006 ) ( 36 14 1e+006 ) [ 35 33 ]
4 ( 24 14 1e+006 ) ( 36 14 1e+006 ) ( 36 14 9 ) ( 24 14 9 ) [ 34 38 ]
4 ( 24 14 9 ) ( 36 14 9 ) ( 36 14 1e+006 ) ( 24 14 1e+006 ) [ 38 34 ]
4 ( 5 15 8 ) ( 15 15 8 ) ( 15 15 5 ) ( 5 15 5 ) [ 11 10 ]
4 ( 5 15 5 ) ( 15 15 5 ) ( 15 15 8 ) ( 5 15 8 ) [ 10 11 ]
4 ( 36 25 8 ) ( 1e+006 25 8 ) ( 1e+006 25 5 ) ( 36 25 5 ) [ 1 4 ]
4 ( 36 25 5 ) ( 1e+006 25 5 ) ( 1e+006 25 8 ) ( 36 25 8 ) [ 4 1 ]
4 ( -1e+006 25 5 ) ( -1e+006 25 8 ) ( 4 25 8 ) ( 4 25 5 ) [ 12 16 ]
4 ( 4 25 5 ) ( 4 25 8 ) ( -1e+006 25 8 ) ( -1e+006 25 5 ) [ 16 12 ]
4 ( -1e+006 26 5 ) ( -1e+006 26 8 ) ( 4 26 8 ) ( 4 26 5 ) [ 16 15 ]
4 ( 4 26 5 ) ( 4 26 8 ) ( -1e+006 26 8 ) ( -1e+006 26 5 ) [ 15 16 ]
4 ( -1e+006 26 -1e+006 ) ( -1e+006 26 5 ) ( 4 26 5 ) ( 4 26 -1e+006 ) [ 26 25 ]
4 ( 4 26 -1e+006 ) ( 4 26 5 ) ( -1e+006 26 5 ) ( -1e+006 26 -1e+006 ) [ 25 26 ]
4 ( 36 26 4 ) ( 36 26 -1e+006 ) ( 4 26 -1e+006 ) ( 4 26 4 ) [ 27 25 ]
4 ( 4 26 4 ) ( 4 26 -1e+006 ) ( 36 26 -1e+006 ) ( 36 26 4 ) [ 25 27 ]
4 ( -1e+006 26 8 ) ( -1e+006 26 1e+006 ) ( 4 26 1e+006 ) ( 4 26 8 ) [ 37 36 ]
4 ( 4 26 8 ) ( 4 26 1e+006 ) ( -1e+006 26 1e+006 ) ( -1e+006 26 8 ) [ 36 37 ]
4 ( 4 26 1e+006 ) ( 36 26 1e+006 ) ( 36 26 9 ) ( 4 26 9 ) [ 38 36 ]
4 ( 4 26 9 ) ( 36 26 9 ) ( 36 26 1e+006 ) ( 4 26 1e+006 ) [ 36 38 ]
4 ( 4 4 4 ) ( 4 4 -1e+006 ) ( 4 14 -1e+006 ) ( 4 14 4 ) [ 22 23 ]
4 ( 4 14 4 ) ( 4 14 -1e+006 ) ( 4 4 -1e+006 ) ( 4 4 4 ) [ 23 22 ]
4 ( 4 14 4 ) ( 4 14 -1e+006 ) ( 4 26 -1e+006 ) ( 4 26 4 ) [ 26 27 ]
4 ( 4 26 4 ) ( 4 26 -1e+006 ) ( 4 14 -1e+006 ) ( 4 14 4 ) [ 27 26 ]
4 ( 4 14 1e+006 ) ( 4 4 1e+006 ) ( 4 4 9 ) ( 4 14 9 ) [ 30 31 ]
4 ( 4 14 9 ) ( 4 4 9 ) ( 4 4 1e+006 ) ( 4 14 1e+006 ) [ 31 30 ]
4 ( 4 26 1e+006 ) ( 4 14 1e+006 ) ( 4 14 9 ) ( 4 26 9 ) [ 37 38 ]
4 ( 4 26 9 ) ( 4 14 9 ) ( 4 14 1e+006 ) ( 4 26 1e+006 ) [ 38 37 ]
4 ( 16 25 8 ) ( 16 15 8 ) ( 16 15 5 ) ( 16 25 5 ) [ 10 8 ]
4 ( 16 25 5 ) ( 16 15 5 ) ( 16 15 8 ) ( 16 25 8 ) [ 8 10 ]
4 ( 16 4 8 ) ( 16 -1e+006 8 ) ( 16 -1e+006 5 ) ( 16 4 5 ) [ 13 6 ]
4 ( 16 4 5 ) ( 16 -1e+006 5 ) ( 16 -1e+006 8 ) ( 16 4 8 ) [ 6 13 ]
4 ( 16 1e+006 5 ) ( 16 1e+006 8 ) ( 16 26 8 ) ( 16 26 5 ) [ 15 9 ]
4 ( 16 26 5 ) ( 16 26 8 ) ( 16 1e+006 8 ) ( 16 1e+006 5 ) [ 9 15 ]
4 ( 16 4 5 ) ( 16 -1e+006 5 ) ( 16 -1e+006 -1e+006 ) ( 16 4 -1e+006 ) [ 21 17 ]
4 ( 16 4 -1e+006 ) ( 16 -1e+006 -1e+006 ) ( 16 -1e+006 5 ) ( 16 4 5 ) [ 17 21 ]
4 ( 16 4 4 ) ( 16 4 -1e+006 ) ( 16 14 -1e+006 ) ( 16 14 4 ) [ 23 17 ]
4 ( 16 14 4 ) ( 16 14 -1e+006 ) ( 16 4 -1e+006 ) ( 16 4 4 ) [ 17 23 ]
4 ( 16 4 1e+006 ) ( 16 -1e+006 1e+006 ) ( 16 -1e+006 8 ) ( 16 4 8 ) [ 29 28 ]
4 ( 16 4 8 ) ( 16 -1e+006 8 ) ( 16 -1e+006 1e+006 ) ( 16 4 1e+006 ) [ 28 29 ]
4 ( 16 14 1e+006 ) ( 16 4 1e+006 ) ( 16 4 9 ) ( 16 14 9 ) [ 31 28 ]
4 ( 16 14 9 ) ( 16 4 9 ) ( 16 4 1e+006 ) ( 16 14 1e+006 ) [ 28 31 ]
4 ( 24 4 8 ) ( 24 -1e+006 8 ) ( 24 -1e+006 5 ) ( 24 4 5 ) [ 6 7 ]
4 ( 24 4 5 ) ( 24 -1e+006 5 ) ( 24 -1e+006 8 ) ( 24 4 8 ) [ 7 6 ]
4 ( 24 4 5 ) ( 24 -1e+006 5 ) ( 24 -1e+006 -1e+006 ) ( 24 4 -1e+006 ) [ 17 18 ]
4 ( 24 4 -1e+006 ) ( 24 -1e+006 -1e+006 ) ( 24 -1e+006 5 ) ( 24 4 5 ) [ 18 17 ]
4 ( 24 4 4 ) ( 24 4 -1e+006 ) ( 24 14 -1e+006 ) ( 24 14 4 ) [ 17 20 ]
4 ( 24 14 4 ) ( 24 14 -1e+006 ) ( 24 4 -1e+006 ) ( 24 4 4 ) [ 20 17 ]
4 ( 24 4 1e+006 ) ( 24 -1e+006 1e+006 ) ( 24 -1e+006 8 ) ( 24 4 8 ) [ 28 32 ]
4 ( 24 4 8 ) ( 24 -1e+006 8 ) ( 24 -1e+006 1e+006 ) ( 24 4 1e+006 ) [ 32 28 ]
4 ( 24 14 1e+006 ) ( 24 4 1e+006 ) ( 24 4 9 ) ( 24 14 9 ) [ 28 34 ]
4 ( 24 14 9 ) ( 24 4 9 ) ( 24 4 1e+006 ) ( 24 14 1e+006 ) [ 34 28 ]
4 ( 25 4 8 ) ( 25 -1e+006 8 ) ( 25 -1e+006 5 ) ( 25 4 5 ) [ 7 2 ]
4 ( 25 4 5 ) ( 25 -1e+006 5 ) ( 25 -1e+006 8 ) ( 25 4 8 ) [ 2 7 ]
4 ( 25 25 8 ) ( 25 15 8 ) ( 25 15 5 ) ( 25 25 5 ) [ 8 0 ]
4 ( 25 25 5 ) ( 25 15 5 ) ( 25 15 8 ) ( 25 25 8 ) [ 0 8 ]
4 ( 25 1e+006 5 ) ( 25 1e+006 8 ) ( 25 26 8 ) ( 25 26 5 ) [ 9 5 ]
4 ( 25 26 5 ) ( 25 26 8 ) ( 25 1e+006 8 ) ( 25 1e+006 5 ) [ 5 9 ]
4 ( 36 1e+006 5 ) ( 36 1e+006 8 ) ( 36 26 8 ) ( 36 26 5 ) [ 5 4 ]
4 ( 36 26 5 ) ( 36 26 8 ) ( 36 1e+006 8 ) ( 36 1e+006 5 ) [ 4 5 ]
4 ( 36 4 4 ) ( 36 4 -1e+006 ) ( 36 14 -1e+006 ) ( 36 14 4 ) [ 20 19 ]
4 ( 36 14 4 ) ( 36 14 -1e+006 ) ( 36 4 -1e+006 ) ( 36 4 4 ) [ 19 20 ]
4 ( 36 1e+006 -1e+006 ) ( 36 1e+006 5 ) ( 36 26 5 ) ( 36 26 -1e+006 ) [ 25 24 ]
4 ( 36 26 -1e+006 ) ( 36 26 5 ) ( 36 1e+006 5 ) ( 36 1e+006 -1e+006 ) [ 24 25 ]
4 ( 36 14 4 ) ( 36 14 -1e+006 ) ( 36 26 -1e+006 ) ( 36 26 4 ) [ 27 24 ]
4 ( 36 26 4 ) ( 36 26 -1e+006 ) ( 36 14 -1e+006 ) ( 36 14 4 ) [ 24 27 ]
4 ( 36 14 1e+006 ) ( 36 4 1e+006 ) ( 36 4 9 ) ( 36 14 9 ) [ 34 33 ]
4 ( 36 14 9 ) ( 36 4 9 ) ( 36 4 1e+006 ) ( 36 14 1e+006 ) [ 33 34 ]
4 ( 36 1e+006 8 ) ( 36 1e+006 1e+006 ) ( 36 26 1e+006 ) ( 36 26 8 ) [ 36 35 ]
4 ( 36 26 8 ) ( 36 26 1e+006 ) ( 36 1e+006 1e+006 ) ( 36 1e+006 8 ) [ 35 36 ]
4 ( 36 26 1e+006 ) ( 36 14 1e+006 ) ( 36 14 9 ) ( 36 26 9 ) [ 38 35 ]
4 ( 36 26 9 ) ( 36 14 9 ) ( 36 14 1e+006 ) ( 36 26 1e+006 ) [ 35 38 ]
